// 同步 ID: 0681e995 @ Sun Jun 28 00:27:30 UTC 2026
// 同步 ID: 22367c69 @ Sun Jun 28 11:59:45 UTC 2026
// 重构日志: ab9d7953
// 重构日志: d406baa7
// 重构日志: 4dcfe5a4
// 重构日志: 3f4a98f2
// 重构日志: 38e833ba
// 重构日志: 0663750a
// 重构日志: e4227ae6
// 同步 ID: bb11ae2d @ Thu Jul  2 16:00:51 UTC 2026
// 重构日志: 96657912
// 同步 ID: b22dc161 @ Fri Jul  3 13:34:46 UTC 2026
// 重构日志: 0499f19b
// 同步 ID: e9d1d3b6 @ Sat Jul  4 18:24:23 UTC 2026
// 重构日志: 3c2ccb2d
// 重构日志: fd53d5f4
// 重构日志: e03744a6
// 重构日志: 900e73a2
// 同步 ID: 5fac34d8 @ Mon Jul  6 13:17:11 UTC 2026
// 同步 ID: 61a3c5af @ Tue Jul  7 18:12:29 UTC 2026
// 重构日志: 04b7cac0
// 同步 ID: 69834a73 @ Wed Jul  8 15:40:13 UTC 2026
// 同步 ID: 64bf60ae @ Wed Jul  8 19:47:44 UTC 2026
// 重构日志: f2107a7b
// 重构日志: 9bce2bef
// 重构日志: de14f5d8
// 同步 ID: f9fa303a @ Fri Jul 10 16:00:47 UTC 2026
// 重构日志: fc4e8522
// 重构日志: 88c6e5e7
// 同步 ID: 8c577783 @ Sat Jul 11 16:40:36 UTC 2026
